<?xml version="1.0" encoding="UTF-8"?>
<!-- Generated by org.testng.reporters.JUnitReportReporter -->
<testsuite hostname="ojt24-PC" name="DriverFactory.DriverScript" tests="1" failures="0" timestamp="9 Jan 2020 12:42:26 GMT" time="45.921" errors="0">
  <testcase name="ERP_Account" time="45.921" classname="DriverFactory.DriverScript"/>
</testsuite> <!-- DriverFactory.DriverScript -->
